0 info it worked if it ends with ok
1 verbose cli [ '/usr/bin/node', '/usr/bin/npm', 'install', 'bodyParser' ]
2 info using npm@1.4.28
3 info using node@v1.6.3
4 warn package.json course_work@0.0.0 No description
5 warn package.json course_work@0.0.0 No README data
6 warn package.json fs@0.0.2 fs is also the name of a node core module.
7 warn package.json fs@0.0.2 No description
8 warn package.json fs@0.0.2 No repository field.
9 verbose readDependencies using package.json deps
10 verbose cache add [ 'bodyParser', null ]
11 verbose cache add name=undefined spec="bodyParser" args=["bodyParser",null]
12 verbose parsed url { protocol: null,
12 verbose parsed url   slashes: null,
12 verbose parsed url   auth: null,
12 verbose parsed url   host: null,
12 verbose parsed url   port: null,
12 verbose parsed url   hostname: null,
12 verbose parsed url   hash: null,
12 verbose parsed url   search: null,
12 verbose parsed url   query: null,
12 verbose parsed url   pathname: 'bodyParser',
12 verbose parsed url   path: 'bodyParser',
12 verbose parsed url   href: 'bodyParser' }
13 silly lockFile caa4c3c7-bodyParser bodyParser
14 verbose lock bodyParser /home/lomtev/.npm/caa4c3c7-bodyParser.lock
15 silly lockFile caa4c3c7-bodyParser bodyParser
16 silly lockFile caa4c3c7-bodyParser bodyParser
17 verbose addNamed [ 'bodyParser', '' ]
18 verbose addNamed [ null, '*' ]
19 silly lockFile e0b6bd45-bodyParser bodyParser@
20 verbose lock bodyParser@ /home/lomtev/.npm/e0b6bd45-bodyParser.lock
21 silly addNameRange { name: 'bodyParser', range: '*', hasData: false }
22 verbose request where is /bodyParser
23 verbose request registry https://registry.npmjs.org/
24 verbose request id 9c3279a1a14b42aa
25 verbose url raw /bodyParser
26 verbose url resolving [ 'https://registry.npmjs.org/', './bodyParser' ]
27 verbose url resolved https://registry.npmjs.org/bodyParser
28 verbose request where is https://registry.npmjs.org/bodyParser
29 info trying registry request attempt 1 at 19:35:31
30 http GET https://registry.npmjs.org/bodyParser
31 http 404 https://registry.npmjs.org/bodyParser
32 verbose headers { date: 'Tue, 14 Apr 2015 16:35:47 GMT',
32 verbose headers   server: 'CouchDB/1.5.0 (Erlang OTP/R16B03)',
32 verbose headers   'content-type': 'application/json',
32 verbose headers   'cache-control': 'max-age=0',
32 verbose headers   'content-length': '51',
32 verbose headers   'accept-ranges': 'bytes',
32 verbose headers   via: '1.1 varnish',
32 verbose headers   age: '0',
32 verbose headers   'x-served-by': 'cache-fra1223-FRA',
32 verbose headers   'x-cache': 'MISS',
32 verbose headers   'x-cache-hits': '0',
32 verbose headers   'x-timer': 'S1429029347.443076,VS0,VE107',
32 verbose headers   connection: 'close' }
33 silly registry.get cb [ 404,
33 silly registry.get   { date: 'Tue, 14 Apr 2015 16:35:47 GMT',
33 silly registry.get     server: 'CouchDB/1.5.0 (Erlang OTP/R16B03)',
33 silly registry.get     'content-type': 'application/json',
33 silly registry.get     'cache-control': 'max-age=0',
33 silly registry.get     'content-length': '51',
33 silly registry.get     'accept-ranges': 'bytes',
33 silly registry.get     via: '1.1 varnish',
33 silly registry.get     age: '0',
33 silly registry.get     'x-served-by': 'cache-fra1223-FRA',
33 silly registry.get     'x-cache': 'MISS',
33 silly registry.get     'x-cache-hits': '0',
33 silly registry.get     'x-timer': 'S1429029347.443076,VS0,VE107',
33 silly registry.get     connection: 'close' } ]
34 silly lockFile e0b6bd45-bodyParser bodyParser@
35 silly lockFile e0b6bd45-bodyParser bodyParser@
36 error 404 404 Not Found: bodyParser
36 error 404
36 error 404 'bodyParser' is not in the npm registry.
36 error 404 You should bug the author to publish it
36 error 404 It was specified as a dependency of 'course_work'
36 error 404
36 error 404 Note that you can also install from a
36 error 404 tarball, folder, or http url, or git url.
37 error System Linux 3.16.0-34-generic
38 error command "/usr/bin/node" "/usr/bin/npm" "install" "bodyParser"
39 error cwd /home/lomtev/course_work
40 error node -v v1.6.3
41 error npm -v 1.4.28
42 error code E404
43 verbose exit [ 1, true ]
